<?xml version="1.0" encoding="UTF-8"?>
<!-- Generated by org.testng.reporters.JUnitReportReporter -->
<testsuite hostname="HOME-PC" failures="0" tests="1" name="by.alekseyshysh.task2.sax.SaAXParserTest" time="0.772" errors="0" timestamp="2021-04-03T11:22:36 MSK" skipped="0">
  <testcase classname="by.alekseyshysh.task2.sax.SaAXParserTest" name="parseTest" time="0.772"/>
  <system-out/>
</testsuite> <!-- by.alekseyshysh.task2.sax.SaAXParserTest -->
